{
  "fileName": "AllTables",
  "template": null,
  "autofilter": true,
  "timestamp": true,
  "tabs": [
    {
      "query": "SELECT table_name, tablespace_name, num_rows 
  FROM all_tables 
 WHERE tablespace_name is not null  and num_rows > :NumRows  order by num_rows desc",
      "name": "AllTables",
      "title": "Select 'Table list generated for user ' || user || ' on ' || to_char(sysdate,'YYYY-MM-DD') from dual",
      "printHeader": false,
      "fields": [
        {
          "colId": 0,
          "title": "TABLE_NAME",
          "name": "TABLE_NAME",
          "type": "String",
          "format": "auto",
          "minsize": 10,
          "order": 1
        },
        {
          "colId": 1,
          "title": "TABLESPACE_NAME",
          "name": "TABLESPACE_NAME",
          "type": "String",
          "format": "auto",
          "minsize": 20,
          "order": 2
        },
        {
          "colId": 2,
          "title": "NUM_ROWS",
          "name": "NUM_ROWS",
          "type": "Decimal",
          "format": "auto",
          "minsize": 15,
          "order": 3
        }
      ]
    }
  ]
}